23.1.2010 1:01:12...***********************************************************************************************************************
23.1.2010 1:01:12...
23.1.2010 1:01:12...DB Ghost Change Manager version 5.0.1148
23.1.2010 1:01:12...
23.1.2010 1:01:12...Comparing Databases [STROJ\CZPRG3K10_DEV1].[test2] (the target) against [STROJ\CZPRG3K10_DEV1].[test] (the source)
23.1.2010 1:01:12...
23.1.2010 1:01:12...Checking for extra Users
23.1.2010 1:01:12...Checking for extra Roles
23.1.2010 1:01:12...Checking for missing Users
23.1.2010 1:01:12...Checking for missing Roles
23.1.2010 1:01:12...Checking for extra Tables
23.1.2010 1:01:12...Checking for missing Tables
23.1.2010 1:01:12...Table missing: [dbo].[aaa]
23.1.2010 1:01:12...Checking for constraints that are the same, with different names
23.1.2010 1:01:12...Checking for extra Full Text Indexes
23.1.2010 1:01:12...Checking for extra Check constraints
23.1.2010 1:01:12...Checking for extra Foreign Keys
23.1.2010 1:01:12...Checking for extra Primary or Unique Keys
23.1.2010 1:01:13...Checking for extra Indexes
23.1.2010 1:01:13...Checking for extra Columns
23.1.2010 1:01:13...Checking for extra Triggers
23.1.2010 1:01:13...Checking for extra Users within Roles
23.1.2010 1:01:13...Checking for missing Users within Roles
23.1.2010 1:01:13...Checking for differences with Check constraints
23.1.2010 1:01:13...Checking for differences with Indexes
23.1.2010 1:01:14...Checking for differences with Primary and Unique Keys
23.1.2010 1:01:14...Checking for differences with Foreign Keys
23.1.2010 1:01:14...Checking for differences with Triggers
23.1.2010 1:01:14...Checking for differences with Full Text Indexes
23.1.2010 1:01:14...Checking Permissions
23.1.2010 1:01:14...Checking for missing Primary or Unique Keys
23.1.2010 1:01:14...Testing inter database connectivity...
23.1.2010 1:01:15...Checking for missing Triggers
23.1.2010 1:01:15...Trigger missing: [dbo].[xxx]
23.1.2010 1:01:15...Checking for missing Indexes
23.1.2010 1:01:15...Checking for missing Foreign Keys
23.1.2010 1:01:15...Checking for missing Check constraints
23.1.2010 1:01:15...Checking for missing Full Text Indexes
23.1.2010 1:01:15...Checking for duplicated Indexes
23.1.2010 1:01:15...Checking for duplicated Foreign Keys
23.1.2010 1:01:15...Checking for missing database extended properties
23.1.2010 1:01:15...Checking for missing extended properties on Tables
23.1.2010 1:01:15...Checking for missing extended properties on columns, indexes, constraints and triggers
23.1.2010 1:01:15...Checking for differences with database extended properties
23.1.2010 1:01:15...Checking for differences with extended properties on Tables
23.1.2010 1:01:15...Checking for differences with extended properties on columns, indexes, constraints and triggers
23.1.2010 1:01:15...Checking for extra database extended properties
23.1.2010 1:01:15...Checking for extra extended properties on Tables
23.1.2010 1:01:15...Checking for extra extended properties on columns, indexes, constraints and triggers
23.1.2010 1:01:15...
23.1.2010 1:01:15...DB Ghost Change Manager  - process complete
23.1.2010 1:01:15...
23.1.2010 1:01:15...***********************************************************************************************************************
****************************************************************************************************************************************************

			DB Ghost Database Builder version 5.0.0.1148

23.1.2010 1:08:30...Creating Database test2_20100123010830
23.1.2010 1:08:32...Executing file 1 of 1 files - C:\Documents and Settings\footcha\Dokumenty\Corel User Files\Logins\CZPRG3K10-footcha.sql
23.1.2010 1:08:32...Executing file 1 of 1 files - C:\Documents and Settings\footcha\Dokumenty\Corel User Files\Users\guest.sql
23.1.2010 1:08:32...Executing file 1 of 1 files - C:\Documents and Settings\footcha\Dokumenty\Corel User Files\Tables\dbo.aaa.sql
23.1.2010 1:08:32...Executing file 1 of 1 files - C:\Documents and Settings\footcha\Dokumenty\Corel User Files\Triggers\dbo.xxx.sql

			DB Ghost Database Builder - process complete

****************************************************************************************************************************************************
23.1.2010 1:08:32...***********************************************************************************************************************
23.1.2010 1:08:32...
23.1.2010 1:08:32...DB Ghost Change Manager version 5.0.1148
23.1.2010 1:08:32...
23.1.2010 1:08:32...Comparing Databases [STROJ\CZPRG3K10_DEV1].[test2] (the target) against [STROJ\CZPRG3K10_DEV1].[test2_20100123010830] (the source)
23.1.2010 1:08:32...
23.1.2010 1:08:33...Getting target database schema
23.1.2010 1:08:35...Checking for missing Logins
23.1.2010 1:08:35...Checking for extra Schemas
23.1.2010 1:08:35...Checking for extra Users
23.1.2010 1:08:35...Checking for extra Roles
23.1.2010 1:08:35...Checking for extra User Defined Data Types
23.1.2010 1:08:35...Checking for extra Defaults
23.1.2010 1:08:35...Checking for extra Rules
23.1.2010 1:08:35...Checking for missing Users
23.1.2010 1:08:35...Checking for missing Roles
23.1.2010 1:08:35...Checking for missing Defaults
23.1.2010 1:08:35...Checking for missing Rules
23.1.2010 1:08:35...Checking for missing Schemas
23.1.2010 1:08:35...Checking for missing XML Schema Collections
23.1.2010 1:08:35...Checking for missing Assemblies
23.1.2010 1:08:35...Checking for missing User Defined Data Types
23.1.2010 1:08:35...Checking for extra Tables
23.1.2010 1:08:35...Checking for missing Tables
23.1.2010 1:08:35...Delta file updated to create table [dbo].[aaa]
23.1.2010 1:08:35...Checking for constraints that are the same, with different names
23.1.2010 1:08:35...Checking for extra Full Text Indexes
23.1.2010 1:08:35...Checking for extra Full Text Catalogs
23.1.2010 1:08:35...Checking for extra Check constraints
23.1.2010 1:08:35...Checking for extra Foreign Keys
23.1.2010 1:08:35...Checking for extra Primary or Unique Keys
23.1.2010 1:08:36...Checking for extra Indexes
23.1.2010 1:08:36...Checking for extra Columns
23.1.2010 1:08:36...Checking for extra Views
23.1.2010 1:08:36...Checking for extra Indexes on Views
23.1.2010 1:08:36...Checking for extra User Defined Functions
23.1.2010 1:08:36...Checking for extra Stored Procedures
23.1.2010 1:08:36...Checking for extra Triggers
23.1.2010 1:08:36...Checking for extra DDL Triggers
23.1.2010 1:08:36...Checking for extra Users within Roles
23.1.2010 1:08:36...Checking for extra Assemblies
23.1.2010 1:08:36...Checking for extra XML Schema Collections
23.1.2010 1:08:36...Checking for extra Service Broker Message Types
23.1.2010 1:08:36...Checking for extra Service Broker Contracts
23.1.2010 1:08:36...Checking for extra Service Broker Queues
23.1.2010 1:08:36...Checking for extra Service Broker Services
23.1.2010 1:08:36...Checking for extra Service Broker Routes
23.1.2010 1:08:36...Checking for extra Service Broker Remote Service Bindings
23.1.2010 1:08:36...Checking for extra Synonyms
23.1.2010 1:08:36...Checking for extra Partition Schemes
23.1.2010 1:08:36...Checking for extra Partition Functions
23.1.2010 1:08:36...Checking for extra Aggregate Functions
23.1.2010 1:08:36...Checking for missing Users within Roles
23.1.2010 1:08:36...Checking for differences with Defaults
23.1.2010 1:08:36...Checking for differences with Rules
23.1.2010 1:08:36...Checking for differences with User Defined Data Types
23.1.2010 1:08:36...Checking for differences with Full Text Catalogs
23.1.2010 1:08:36...Checking for differences with Check constraints
23.1.2010 1:08:36...Checking for differences with Indexes
23.1.2010 1:08:36...Checking for differences with Primary and Unique Keys
23.1.2010 1:08:36...Checking for differences with Foreign Keys
23.1.2010 1:08:36...Checking for differences with Indexes on Views
23.1.2010 1:08:36...Checking for differences with Assemblies
23.1.2010 1:08:36...Checking for differences with XML Schema Collections
23.1.2010 1:08:36...Checking for differences with Service Broker Message Types
23.1.2010 1:08:36...Checking for differences with Service Broker Contracts
23.1.2010 1:08:36...Checking for differences with Service Broker Queues
23.1.2010 1:08:36...Checking for differences with Service Broker Services
23.1.2010 1:08:36...Checking for differences with Service Broker Routes
23.1.2010 1:08:36...Checking for differences with Service Broker Remote Service Bindings
23.1.2010 1:08:36...Checking for differences with Schemas
23.1.2010 1:08:36...Checking for differences with Synonyms
23.1.2010 1:08:36...Checking for differences with Partition Functions
23.1.2010 1:08:36...Checking for differences with Aggregate Functions
23.1.2010 1:08:37...Checking for differences with Stored Procedures
23.1.2010 1:08:37...Checking for differences with Triggers
23.1.2010 1:08:37...Checking for differences with DDL Triggers
23.1.2010 1:08:37...Checking for missing Full Text Catalogs
23.1.2010 1:08:37...Checking for missing Views
23.1.2010 1:08:37...Checking for missing Indexes on Views
23.1.2010 1:08:37...Checking for differences with Full Text Indexes
23.1.2010 1:08:37...Checking for missing Service Broker Message Types
23.1.2010 1:08:37...Checking for missing Service Broker Contracts
23.1.2010 1:08:37...Checking for missing Service Broker Queues
23.1.2010 1:08:37...Checking for missing Service Broker Services
23.1.2010 1:08:37...Checking for missing Service Broker Routes
23.1.2010 1:08:37...Checking for missing Service Broker Remote Service Bindings
23.1.2010 1:08:37...Checking for missing Synonyms
23.1.2010 1:08:37...Checking for missing Partition Functions
23.1.2010 1:08:37...Checking for missing Partition Schemes
23.1.2010 1:08:37...Checking for missing Aggregate Functions
23.1.2010 1:08:37...Checking for missing Stored Procedures
23.1.2010 1:08:37...Checking for differences with Views
23.1.2010 1:08:37...Checking for missing User Defined Functions
23.1.2010 1:08:37...Checking for differences with User Defined Functions
23.1.2010 1:08:37...Checking for missing DDL Triggers
23.1.2010 1:08:37...Checking Permissions
23.1.2010 1:08:37...Checking for missing Primary or Unique Keys
23.1.2010 1:08:37...Testing inter database connectivity...
23.1.2010 1:08:37...Checking for missing Triggers
23.1.2010 1:08:37...Delta file updated to create trigger [dbo].[xxx]
23.1.2010 1:08:37...Checking for missing Indexes
23.1.2010 1:08:37...Checking for missing Foreign Keys
23.1.2010 1:08:37...Checking for missing Check constraints
23.1.2010 1:08:37...Checking for missing Full Text Indexes
23.1.2010 1:08:37...Checking for duplicated Indexes
23.1.2010 1:08:38...Checking for duplicated Foreign Keys
23.1.2010 1:08:38...Checking for missing database extended properties
23.1.2010 1:08:38...Checking for missing extended properties on Rules
23.1.2010 1:08:38...Checking for missing extended properties on Defaults
23.1.2010 1:08:38...Checking for missing extended properties on User Defined Data Types
23.1.2010 1:08:38...Checking for missing extended properties on Tables
23.1.2010 1:08:38...Checking for missing extended properties on columns, indexes, constraints and triggers
23.1.2010 1:08:38...Checking for missing extended properties on Views
23.1.2010 1:08:38...Checking for missing extended properties on User Defined Functions
23.1.2010 1:08:38...Checking for missing extended properties on Stored Procedures
23.1.2010 1:08:38...Checking for differences with database extended properties
23.1.2010 1:08:38...Checking for differences with extended properties on Rules
23.1.2010 1:08:38...Checking for differences with extended properties on Defaults
23.1.2010 1:08:38...Checking for differences with extended properties on User Defined Data Types
23.1.2010 1:08:38...Checking for differences with extended properties on Tables
23.1.2010 1:08:38...Checking for differences with extended properties on columns, indexes, constraints and triggers
23.1.2010 1:08:38...Checking for differences with extended properties on Views
23.1.2010 1:08:38...Checking for differences with extended properties on User Defined Functions
23.1.2010 1:08:38...Checking for differences with extended properties on Stored Procedures
23.1.2010 1:08:38...Checking for extra database extended properties
23.1.2010 1:08:38...Checking for extra extended properties on Rules
23.1.2010 1:08:38...Checking for extra extended properties on Defaults
23.1.2010 1:08:38...Checking for extra extended properties on User Defined Data Types
23.1.2010 1:08:38...Checking for extra extended properties on Tables
23.1.2010 1:08:38...Checking for extra extended properties on columns, indexes, constraints and triggers
23.1.2010 1:08:38...Checking for extra extended properties on Views
23.1.2010 1:08:38...Checking for extra extended properties on User Defined Functions
23.1.2010 1:08:38...Checking for extra extended properties on Stored Procedures
23.1.2010 1:08:38...
23.1.2010 1:08:38...DB Ghost Change Manager  - process complete
23.1.2010 1:08:38...
23.1.2010 1:08:38...***********************************************************************************************************************
23.1.2010 1:15:19...***********************************************************************************************************************
23.1.2010 1:15:19...
23.1.2010 1:15:19...DB Ghost Change Manager version 5.0.1148
23.1.2010 1:15:19...
23.1.2010 1:15:19...Comparing Databases [STROJ\CZPRG3K10_DEV1].[test] (the target) against [STROJ\CZPRG3K10_DEV1].[test2] (the source)
23.1.2010 1:15:19...
23.1.2010 1:15:19...Checking for extra Users
23.1.2010 1:15:19...Checking for extra Roles
23.1.2010 1:15:19...Checking for missing Users
23.1.2010 1:15:19...Checking for missing Roles
23.1.2010 1:15:19...Checking for extra Tables
23.1.2010 1:15:19...Dropped table [dbo].[aaa]
23.1.2010 1:15:19...Checking for missing Tables
23.1.2010 1:15:19...Checking for constraints that are the same, with different names
23.1.2010 1:15:19...Checking for extra Full Text Indexes
23.1.2010 1:15:19...Checking for extra Check constraints
23.1.2010 1:15:19...Checking for extra Foreign Keys
23.1.2010 1:15:19...Checking for extra Primary or Unique Keys
23.1.2010 1:15:19...Checking for extra Indexes
23.1.2010 1:15:20...Checking for extra Columns
23.1.2010 1:15:20...Checking for extra Triggers
23.1.2010 1:15:20...Checking for extra Users within Roles
23.1.2010 1:15:20...Checking for missing Users within Roles
23.1.2010 1:15:20...Checking for differences with Check constraints
23.1.2010 1:15:20...Checking for differences with Indexes
23.1.2010 1:15:20...Checking for differences with Primary and Unique Keys
23.1.2010 1:15:20...Checking for differences with Foreign Keys
23.1.2010 1:15:20...Checking for differences with Triggers
23.1.2010 1:15:20...Checking for differences with Full Text Indexes
23.1.2010 1:15:20...Checking Permissions
23.1.2010 1:15:20...Checking for missing Primary or Unique Keys
23.1.2010 1:15:20...Testing inter database connectivity...
23.1.2010 1:15:20...Checking for missing Triggers
23.1.2010 1:15:20...Checking for missing Indexes
23.1.2010 1:15:20...Checking for missing Foreign Keys
23.1.2010 1:15:20...Checking for missing Check constraints
23.1.2010 1:15:20...Checking for missing Full Text Indexes
23.1.2010 1:15:20...Checking for duplicated Indexes
23.1.2010 1:15:20...Checking for duplicated Foreign Keys
23.1.2010 1:15:20...Checking for missing database extended properties
23.1.2010 1:15:20...Checking for missing extended properties on Tables
23.1.2010 1:15:20...Checking for missing extended properties on columns, indexes, constraints and triggers
23.1.2010 1:15:20...Checking for differences with database extended properties
23.1.2010 1:15:20...Checking for differences with extended properties on Tables
23.1.2010 1:15:20...Checking for differences with extended properties on columns, indexes, constraints and triggers
23.1.2010 1:15:20...Checking for extra database extended properties
23.1.2010 1:15:20...Checking for extra extended properties on Tables
23.1.2010 1:15:20...Checking for extra extended properties on columns, indexes, constraints and triggers
23.1.2010 1:15:20...
23.1.2010 1:15:20...DB Ghost Change Manager  - process complete
23.1.2010 1:15:20...
23.1.2010 1:15:20...***********************************************************************************************************************
****************************************************************************************************************************************************

			DB Ghost Database Builder version 5.0.0.1148

23.1.2010 1:23:28...Creating Database test_20100123012328
23.1.2010 1:23:30...Executing file 1 of 1 files - C:\Documents and Settings\footcha\Dokumenty\Corel User Files\Logins\CZPRG3K10-footcha.sql
23.1.2010 1:23:30...Executing file 1 of 1 files - C:\Documents and Settings\footcha\Dokumenty\Corel User Files\Users\guest.sql
23.1.2010 1:23:30...Executing file 1 of 1 files - C:\Documents and Settings\footcha\Dokumenty\Corel User Files\Tables\dbo.aaa.sql
23.1.2010 1:23:30...Executing file 1 of 1 files - C:\Documents and Settings\footcha\Dokumenty\Corel User Files\Triggers\dbo.xxx.sql

			DB Ghost Database Builder - process complete

****************************************************************************************************************************************************
23.1.2010 1:23:30...***********************************************************************************************************************
23.1.2010 1:23:30...
23.1.2010 1:23:30...DB Ghost Change Manager version 5.0.1148
23.1.2010 1:23:30...
23.1.2010 1:23:30...Comparing Databases [STROJ\CZPRG3K10_DEV1].[test] (the target) against [STROJ\CZPRG3K10_DEV1].[test_20100123012328] (the source)
23.1.2010 1:23:30...
23.1.2010 1:23:31...Getting target database schema
23.1.2010 1:23:32...Checking for missing Logins
23.1.2010 1:23:32...Checking for extra Schemas
23.1.2010 1:23:32...Checking for extra Users
23.1.2010 1:23:32...Checking for extra Roles
23.1.2010 1:23:33...Checking for extra User Defined Data Types
23.1.2010 1:23:33...Checking for extra Defaults
23.1.2010 1:23:33...Checking for extra Rules
23.1.2010 1:23:33...Checking for missing Users
23.1.2010 1:23:33...Checking for missing Roles
23.1.2010 1:23:33...Checking for missing Defaults
23.1.2010 1:23:33...Checking for missing Rules
23.1.2010 1:23:33...Checking for missing Schemas
23.1.2010 1:23:33...Checking for missing XML Schema Collections
23.1.2010 1:23:33...Checking for missing Assemblies
23.1.2010 1:23:33...Checking for missing User Defined Data Types
23.1.2010 1:23:33...Checking for extra Tables
23.1.2010 1:23:33...Checking for missing Tables
23.1.2010 1:23:33...Checking for constraints that are the same, with different names
23.1.2010 1:23:33...Checking for extra Full Text Indexes
23.1.2010 1:23:33...Checking for extra Full Text Catalogs
23.1.2010 1:23:33...Checking for extra Check constraints
23.1.2010 1:23:33...Checking for extra Foreign Keys
23.1.2010 1:23:33...Checking for extra Primary or Unique Keys
23.1.2010 1:23:33...Checking for extra Indexes
23.1.2010 1:23:33...Checking for extra Columns
23.1.2010 1:23:33...Checking for extra Views
23.1.2010 1:23:33...Checking for extra Indexes on Views
23.1.2010 1:23:33...Checking for extra User Defined Functions
23.1.2010 1:23:33...Checking for extra Stored Procedures
23.1.2010 1:23:33...Checking for extra Triggers
23.1.2010 1:23:33...Checking for extra DDL Triggers
23.1.2010 1:23:33...Checking for extra Users within Roles
23.1.2010 1:23:33...Checking for extra Assemblies
23.1.2010 1:23:33...Checking for extra XML Schema Collections
23.1.2010 1:23:33...Checking for extra Service Broker Message Types
23.1.2010 1:23:33...Checking for extra Service Broker Contracts
23.1.2010 1:23:33...Checking for extra Service Broker Queues
23.1.2010 1:23:33...Checking for extra Service Broker Services
23.1.2010 1:23:33...Checking for extra Service Broker Routes
23.1.2010 1:23:33...Checking for extra Service Broker Remote Service Bindings
23.1.2010 1:23:33...Checking for extra Synonyms
23.1.2010 1:23:33...Checking for extra Partition Schemes
23.1.2010 1:23:33...Checking for extra Partition Functions
23.1.2010 1:23:33...Checking for extra Aggregate Functions
23.1.2010 1:23:33...Checking for missing Users within Roles
23.1.2010 1:23:33...Checking for differences with Defaults
23.1.2010 1:23:33...Checking for differences with Rules
23.1.2010 1:23:33...Checking for differences with User Defined Data Types
23.1.2010 1:23:33...Checking for differences with Full Text Catalogs
23.1.2010 1:23:33...Checking for differences with Check constraints
23.1.2010 1:23:33...Checking for differences with Indexes
23.1.2010 1:23:33...Checking for differences with Primary and Unique Keys
23.1.2010 1:23:33...Checking for differences with Foreign Keys
23.1.2010 1:23:33...Checking for differences with Indexes on Views
23.1.2010 1:23:33...Checking for differences with Assemblies
23.1.2010 1:23:33...Checking for differences with XML Schema Collections
23.1.2010 1:23:33...Checking for differences with Service Broker Message Types
23.1.2010 1:23:33...Checking for differences with Service Broker Contracts
23.1.2010 1:23:33...Checking for differences with Service Broker Queues
23.1.2010 1:23:33...Checking for differences with Service Broker Services
23.1.2010 1:23:34...Checking for differences with Service Broker Routes
23.1.2010 1:23:34...Checking for differences with Service Broker Remote Service Bindings
23.1.2010 1:23:34...Checking for differences with Schemas
23.1.2010 1:23:34...Checking for differences with Synonyms
23.1.2010 1:23:34...Checking for differences with Partition Functions
23.1.2010 1:23:34...Checking for differences with Aggregate Functions
23.1.2010 1:23:34...Checking for differences with Stored Procedures
23.1.2010 1:23:34...Checking for differences with Triggers
23.1.2010 1:23:34...Checking for differences with DDL Triggers
23.1.2010 1:23:34...Checking for missing Full Text Catalogs
23.1.2010 1:23:34...Checking for missing Columns
23.1.2010 1:23:34...Checking for differences with Columns
23.1.2010 1:23:34...Checking for missing Views
23.1.2010 1:23:34...Checking for missing Indexes on Views
23.1.2010 1:23:34...Checking for differences with Full Text Indexes
23.1.2010 1:23:34...Checking for missing Service Broker Message Types
23.1.2010 1:23:34...Checking for missing Service Broker Contracts
23.1.2010 1:23:34...Checking for missing Service Broker Queues
23.1.2010 1:23:34...Checking for missing Service Broker Services
23.1.2010 1:23:34...Checking for missing Service Broker Routes
23.1.2010 1:23:34...Checking for missing Service Broker Remote Service Bindings
23.1.2010 1:23:34...Checking for missing Synonyms
23.1.2010 1:23:34...Checking for missing Partition Functions
23.1.2010 1:23:34...Checking for missing Partition Schemes
23.1.2010 1:23:34...Checking for missing Aggregate Functions
23.1.2010 1:23:34...Checking for missing Stored Procedures
23.1.2010 1:23:34...Checking for differences with Views
23.1.2010 1:23:34...Checking for missing User Defined Functions
23.1.2010 1:23:34...Checking for differences with User Defined Functions
23.1.2010 1:23:34...Checking for missing DDL Triggers
23.1.2010 1:23:34...Checking Permissions
23.1.2010 1:23:35...Checking for missing Primary or Unique Keys
23.1.2010 1:23:35...Testing inter database connectivity...
23.1.2010 1:23:35...Checking for missing Triggers
23.1.2010 1:23:35...Checking for missing Indexes
23.1.2010 1:23:35...Checking for missing Foreign Keys
23.1.2010 1:23:35...Checking for missing Check constraints
23.1.2010 1:23:35...Checking for missing Full Text Indexes
23.1.2010 1:23:35...Checking for duplicated Indexes
23.1.2010 1:23:35...Checking for duplicated Foreign Keys
23.1.2010 1:23:35...Checking for missing database extended properties
23.1.2010 1:23:35...Checking for missing extended properties on Rules
23.1.2010 1:23:35...Checking for missing extended properties on Defaults
23.1.2010 1:23:35...Checking for missing extended properties on User Defined Data Types
23.1.2010 1:23:35...Checking for missing extended properties on Tables
23.1.2010 1:23:35...Checking for missing extended properties on columns, indexes, constraints and triggers
23.1.2010 1:23:35...Checking for missing extended properties on Views
23.1.2010 1:23:35...Checking for missing extended properties on User Defined Functions
23.1.2010 1:23:35...Checking for missing extended properties on Stored Procedures
23.1.2010 1:23:35...Checking for differences with database extended properties
23.1.2010 1:23:35...Checking for differences with extended properties on Rules
23.1.2010 1:23:35...Checking for differences with extended properties on Defaults
23.1.2010 1:23:35...Checking for differences with extended properties on User Defined Data Types
23.1.2010 1:23:35...Checking for differences with extended properties on Tables
23.1.2010 1:23:35...Checking for differences with extended properties on columns, indexes, constraints and triggers
23.1.2010 1:23:35...Checking for differences with extended properties on Views
23.1.2010 1:23:35...Checking for differences with extended properties on User Defined Functions
23.1.2010 1:23:35...Checking for differences with extended properties on Stored Procedures
23.1.2010 1:23:35...Checking for extra database extended properties
23.1.2010 1:23:35...Checking for extra extended properties on Rules
23.1.2010 1:23:35...Checking for extra extended properties on Defaults
23.1.2010 1:23:35...Checking for extra extended properties on User Defined Data Types
23.1.2010 1:23:35...Checking for extra extended properties on Tables
23.1.2010 1:23:35...Checking for extra extended properties on columns, indexes, constraints and triggers
23.1.2010 1:23:35...Checking for extra extended properties on Views
23.1.2010 1:23:35...Checking for extra extended properties on User Defined Functions
23.1.2010 1:23:35...Checking for extra extended properties on Stored Procedures
23.1.2010 1:23:35...
23.1.2010 1:23:35...DB Ghost Change Manager  - process complete
23.1.2010 1:23:35...
23.1.2010 1:23:35...***********************************************************************************************************************
